<?xml version="1.0" encoding="UTF-8"?>
<testng-results ignored="0" total="1" passed="1" failed="0" skipped="0">
  <reporter-output>
    <line>
      <![CDATA[user should see the forgot password]]>
    </line>
    <line>
      <![CDATA[click the forgot password]]>
    </line>
    <line>
      <![CDATA[user should see three tabs as Identify, Verify & Reset]]>
    </line>
    <line>
      <![CDATA[user should see the username label and text field]]>
    </line>
    <line>
      <![CDATA[user should see the next button]]>
    </line>
    <line>
      <![CDATA[enter username]]>
    </line>
    <line>
      <![CDATA[click on the next button]]>
    </line>
    <line>
      <![CDATA[verify error message Characters do not match, try again]]>
    </line>
  </reporter-output>
  <suite started-at="2022-12-04T10:18:02 IST" name="Default suite" finished-at="2022-12-04T10:18:21 IST" duration-ms="18901">
    <groups>
    </groups>
    <test started-at="2022-12-04T10:18:02 IST" name="Default test" finished-at="2022-12-04T10:18:21 IST" duration-ms="18901">
      <class name="exercise.TC_02_ForgotPassword">
        <test-method is-config="true" signature="launchApp()[pri:0, instance:exercise.TC_02_ForgotPassword@20deea7f]" started-at="2022-12-04T10:18:02 IST" name="launchApp" finished-at="2022-12-04T10:18:12 IST" duration-ms="10017" status="PASS">
          <reporter-output>
          </reporter-output>
        </test-method> <!-- launchApp -->
        <test-method signature="verify_forgotPassword_feature()[pri:0, instance:exercise.TC_02_ForgotPassword@20deea7f]" started-at="2022-12-04T10:18:12 IST" name="verify_forgotPassword_feature" finished-at="2022-12-04T10:18:15 IST" duration-ms="3595" status="PASS">
          <reporter-output>
            <line>
              <![CDATA[user should see the forgot password]]>
            </line>
            <line>
              <![CDATA[click the forgot password]]>
            </line>
            <line>
              <![CDATA[user should see three tabs as Identify, Verify & Reset]]>
            </line>
            <line>
              <![CDATA[user should see the username label and text field]]>
            </line>
            <line>
              <![CDATA[user should see the next button]]>
            </line>
            <line>
              <![CDATA[enter username]]>
            </line>
            <line>
              <![CDATA[click on the next button]]>
            </line>
            <line>
              <![CDATA[verify error message Characters do not match, try again]]>
            </line>
          </reporter-output>
        </test-method> <!-- verify_forgotPassword_feature -->
        <test-method is-config="true" signature="closeApp()[pri:0, instance:exercise.TC_02_ForgotPassword@20deea7f]" started-at="2022-12-04T10:18:15 IST" name="closeApp" finished-at="2022-12-04T10:18:21 IST" duration-ms="5236" status="PASS">
          <reporter-output>
          </reporter-output>
        </test-method> <!-- closeApp -->
      </class> <!-- exercise.TC_02_ForgotPassword -->
    </test> <!-- Default test -->
  </suite> <!-- Default suite -->
</testng-results>
