<?xml version="1.0" encoding="UTF-8"?>
<!-- Generated by org.testng.reporters.JUnitXMLReporter -->
<testsuite ignored="0" hostname="LAPTOP-B9ST6V2O" failures="0" tests="2" name="Default test" time="50.078" errors="0" timestamp="2022-12-03T20:45:14 IST">
  <testcase classname="exercise.TC_01_ServiceNow_Login_Positive_Negative" name="verify_login_positive_feature" time="20.126"/>
  <testcase classname="exercise.TC_01_ServiceNow_Login_Positive_Negative" name="verify_login_negative_feature" time="2.759"/>
</testsuite> <!-- Default test -->
